<?xml version="1.0" encoding="UTF-8"?>
<!-- Generated by org.testng.reporters.JUnitReportReporter -->
<testsuite hostname="LAPTOP-0NTH8RPC" failures="0" tests="1" name="Automation.ClaimHub.Login" time="6.130" errors="0" timestamp="2024-10-04T02:17:01 MYT" skipped="0">
  <testcase classname="Automation.ClaimHub.Login" name="LoginTest" time="6.130"/>
</testsuite> <!-- Automation.ClaimHub.Login -->
