<?xml version="1.0" encoding="UTF-8"?>
<!-- Generated by org.testng.reporters.JUnitReportReporter -->
<testsuite hostname="LAPTOP-0NTH8RPC" failures="0" tests="1" name="Automation.ClaimHub.Login" time="43.931" errors="0" timestamp="2024-10-04T23:59:41 MYT" skipped="0">
  <testcase classname="Automation.ClaimHub.Login" name="LoginTest" time="43.931"/>
</testsuite> <!-- Automation.ClaimHub.Login -->
